<?xml version="1.0" encoding="UTF-8"?>
<!-- Generated by org.testng.reporters.JUnitReportReporter -->
<testsuite skipped="0" hostname="B693LBLR" name="com.qa.blazedemo.test.HomePageTest" tests="1" failures="0" timestamp="09 Dec 2021 16:43:23 GMT" time="0.005" errors="0">
  <testcase name="verifyPageTitleTest" time="0.005" classname="com.qa.blazedemo.test.HomePageTest"/>
</testsuite> <!-- com.qa.blazedemo.test.HomePageTest -->
